
--------------------------------------------------
TXLib сообщает:

Программа: C:\Users\user\Documents\Скрябин Роман\startup\startup\main.exe, файл: c:\codeblocks\codeblocks\mingw\include\txlib.h, строка: 13396, функция: bool {anonymous}::TX::txDrawText(double, double, double, double, const char*, unsigned int, HDC),

Сообщение: Параметр y0 = 310 больше, чем y1 = 300. Текст выводиться не будет.

#1: TXLib [Ver: 00173a, Rev: 171, Date: 2022-07-23 02:08:28 +0400], Instance: 0x005042FC (32-bit), Flags: CMdRe0, Thread: 0x1E9C (Main), GetLastError(): 13 (Недопустимые данные). 

--------------------------------------------------
Стек вызовов:

# 0 0x0042024E in C:\Users\user\Documents\Скрябин Роман\startup\startup\main.exe: txDrawText() at c:/codeblocks/codeblocks/mingw/include/txlib.h (13396)

# 1 0x0042BAAE in C:\Users\user\Documents\Скрябин Роман\startup\startup\main.exe: main() at C:/Users/user/Documents/Скрябин Роман/startup/startup/main.cpp (35):

     33:     txSetFillColor (TX_TRANSPARENT);
     34:     txRectangle (300, 290, 500, 325 );
=>   35:     txDrawText ( 320, 310, 490, 300, "click here");
     36: 
     37: 

--------------------------------------------------
Стек вызовов TX:

# 0 in bool {anonymous}::TX::txDrawText(double, double, double, double, const char*, unsigned int, HDC) at c:\codeblocks\codeblocks\mingw\include\txlib.h (13396):

  13394:         {
  13395: $       SetLastError (ERROR_INVALID_DATA);
=>13396: $       TX_ERROR ("Параметр y0 = %g больше, чем y1 = %g. Текст выводиться не будет.", y0, y1);
  13397:         }
  13398: 

# 1 in int main() at C:\Users\user\Documents\Скрябин Роман\startup\startup\main.cpp (35):

     33:     txSetFillColor (TX_TRANSPARENT);
     34:     txRectangle (300, 290, 500, 325 );
=>   35:     txDrawText ( 320, 310, 490, 300, "click here");
     36: 
     37: 

--------------------------------------------------
Developed with:

The Dumb Artist Library (TX Library)
TXLib [Ver: 00173a, Rev: 171, Date: 2022-07-23 02:08:28 +0400]
Copyright (C) Ded (Ilya Dedinsky, http://txlib.ru) <mail@txlib.ru>
See license on: http://txlib.ru

TXLib file:	c:\codeblocks\codeblocks\mingw\include\txlib.h
Compiled:	Sep 10 2022 17:38:18, GNU g++ 4.8.1, std=201103L, MinGW Runtime 3.20, 32-bit, DEBUG
Started:	Sep 10 2022 17:38:27

Run file:	C:\Users\user\Documents\Скрябин Роман\startup\startup\main.exe
Directory:	C:\Users\user\Documents\Скрябин Роман\startup\startup

--------------------------------------------------

--------------------------------------------------
TXLib сообщает:

Программа: C:\Users\user\Documents\Скрябин Роман\startup\startup\main.exe, файл: c:\codeblocks\codeblocks\mingw\include\txlib.h, строка: 13396, функция: bool {anonymous}::TX::txDrawText(double, double, double, double, const char*, unsigned int, HDC),

Сообщение: Параметр y0 = 310 больше, чем y1 = 300. Текст выводиться не будет.

#1: TXLib [Ver: 00173a, Rev: 171, Date: 2022-07-23 02:08:28 +0400], Instance: 0x005042FC (32-bit), Flags: CMdRe0, Thread: 0x11C8 (Main), GetLastError(): 13 (Недопустимые данные). 

--------------------------------------------------
Стек вызовов:

# 0 0x0042024E in C:\Users\user\Documents\Скрябин Роман\startup\startup\main.exe: txDrawText() at c:/codeblocks/codeblocks/mingw/include/txlib.h (13396)

# 1 0x0042BAAE in C:\Users\user\Documents\Скрябин Роман\startup\startup\main.exe: main() at C:/Users/user/Documents/Скрябин Роман/startup/startup/main.cpp (35):

     33:     txSetFillColor (TX_TRANSPARENT);
     34:     txRectangle (300, 290, 500, 325 );
=>   35:     txDrawText ( 320, 310, 490, 300, "click here");
     36: 
     37: 

--------------------------------------------------
Стек вызовов TX:

# 0 in bool {anonymous}::TX::txDrawText(double, double, double, double, const char*, unsigned int, HDC) at c:\codeblocks\codeblocks\mingw\include\txlib.h (13396):

  13394:         {
  13395: $       SetLastError (ERROR_INVALID_DATA);
=>13396: $       TX_ERROR ("Параметр y0 = %g больше, чем y1 = %g. Текст выводиться не будет.", y0, y1);
  13397:         }
  13398: 

# 1 in int main() at C:\Users\user\Documents\Скрябин Роман\startup\startup\main.cpp (35):

     33:     txSetFillColor (TX_TRANSPARENT);
     34:     txRectangle (300, 290, 500, 325 );
=>   35:     txDrawText ( 320, 310, 490, 300, "click here");
     36: 
     37: 

--------------------------------------------------
Developed with:

The Dumb Artist Library (TX Library)
TXLib [Ver: 00173a, Rev: 171, Date: 2022-07-23 02:08:28 +0400]
Copyright (C) Ded (Ilya Dedinsky, http://txlib.ru) <mail@txlib.ru>
See license on: http://txlib.ru

TXLib file:	c:\codeblocks\codeblocks\mingw\include\txlib.h
Compiled:	Sep 10 2022 17:38:48, GNU g++ 4.8.1, std=201103L, MinGW Runtime 3.20, 32-bit, DEBUG
Started:	Sep 10 2022 17:38:57

Run file:	C:\Users\user\Documents\Скрябин Роман\startup\startup\main.exe
Directory:	C:\Users\user\Documents\Скрябин Роман\startup\startup

--------------------------------------------------
